  [1m[36m (8.0ms)[0m  [1mCREATE TABLE "schema_migrations" ("version" varchar NOT NULL) [0m
  [1m[35m (0.0ms)[0m  select sqlite_version(*)
  [1m[36m (7.0ms)[0m  [1mCREATE UNIQUE INDEX "unique_schema_migrations" ON "schema_migrations" ("version")[0m
  [1m[35mActiveRecord::SchemaMigration Load (0.0ms)[0m  SELECT "schema_migrations".* FROM "schema_migrations"
Migrating to DeviseCreateUsers (20140228010614)
  [1m[36m (0.0ms)[0m  [1mbegin transaction[0m
DEPRECATION WARNING: `#timestamps` was called without specifying an option for `null`. In Rails 5, this behavior will change to `null: false`. You should manually specify `null: true` to prevent the behavior of your existing migrations from changing. (called from block in change at C:/Sites/valr/db/migrate/20140228010614_devise_create_users.rb:34)
  [1m[35m (2.0ms)[0m  CREATE TABLE "users" ("id" INTEGER PRIMARY KEY AUTOINCREMENT NOT NULL, "email" varchar DEFAULT '' NOT NULL, "encrypted_password" varchar DEFAULT '' NOT NULL, "reset_password_token" varchar, "reset_password_sent_at" datetime, "remember_created_at" datetime, "sign_in_count" integer DEFAULT 0 NOT NULL, "current_sign_in_at" datetime, "last_sign_in_at" datetime, "current_sign_in_ip" varchar, "last_sign_in_ip" varchar, "created_at" datetime, "updated_at" datetime) 
  [1m[36m (2.0ms)[0m  [1mCREATE UNIQUE INDEX "index_users_on_email" ON "users" ("email")[0m
  [1m[35m (1.0ms)[0m              SELECT sql
            FROM sqlite_master
            WHERE name='index_users_on_email' AND type='index'
            UNION ALL
            SELECT sql
            FROM sqlite_temp_master
            WHERE name='index_users_on_email' AND type='index'

  [1m[36m (1.0ms)[0m  [1mCREATE UNIQUE INDEX "index_users_on_reset_password_token" ON "users" ("reset_password_token")[0m
  [1m[35mSQL (0.0ms)[0m  INSERT INTO "schema_migrations" ("version") VALUES (?)  [["version", "20140228010614"]]
  [1m[36m (6.0ms)[0m  [1mcommit transaction[0m
Migrating to AddNameToUsers (20140228010616)
  [1m[35m (1.0ms)[0m  begin transaction
  [1m[36m (2.0ms)[0m  [1mALTER TABLE "users" ADD "name" varchar[0m
  [1m[35mSQL (0.0ms)[0m  INSERT INTO "schema_migrations" ("version") VALUES (?)  [["version", "20140228010616"]]
  [1m[36m (43.0ms)[0m  [1mcommit transaction[0m
Migrating to AddRoleToUsers (20140228010617)
  [1m[35m (0.0ms)[0m  begin transaction
  [1m[36m (3.0ms)[0m  [1mALTER TABLE "users" ADD "role" integer[0m
  [1m[35mSQL (1.0ms)[0m  INSERT INTO "schema_migrations" ("version") VALUES (?)  [["version", "20140228010617"]]
  [1m[36m (7.0ms)[0m  [1mcommit transaction[0m
  [1m[35mActiveRecord::SchemaMigration Load (0.0ms)[0m  SELECT "schema_migrations".* FROM "schema_migrations"
  [1m[36m (0.0ms)[0m  [1m            SELECT sql
            FROM sqlite_master
            WHERE name='index_users_on_reset_password_token' AND type='index'
            UNION ALL
            SELECT sql
            FROM sqlite_temp_master
            WHERE name='index_users_on_reset_password_token' AND type='index'
[0m
  [1m[35m (0.0ms)[0m              SELECT sql
            FROM sqlite_master
            WHERE name='index_users_on_email' AND type='index'
            UNION ALL
            SELECT sql
            FROM sqlite_temp_master
            WHERE name='index_users_on_email' AND type='index'

  [1m[36mActiveRecord::SchemaMigration Load (0.0ms)[0m  [1mSELECT "schema_migrations".* FROM "schema_migrations"[0m
  [1m[35mUser Load (0.0ms)[0m  SELECT  "users".* FROM "users" WHERE "users"."email" = ? LIMIT 1  [["email", "hezetouni@gmail.com"]]
  [1m[36mActiveRecord::SchemaMigration Load (0.0ms)[0m  [1mSELECT "schema_migrations".* FROM "schema_migrations"[0m
  [1m[35mActiveRecord::SchemaMigration Load (0.0ms)[0m  SELECT "schema_migrations".* FROM "schema_migrations"
  [1m[36m (1.0ms)[0m  [1m            SELECT sql
            FROM sqlite_master
            WHERE name='index_users_on_reset_password_token' AND type='index'
            UNION ALL
            SELECT sql
            FROM sqlite_temp_master
            WHERE name='index_users_on_reset_password_token' AND type='index'
[0m
  [1m[35m (0.0ms)[0m              SELECT sql
            FROM sqlite_master
            WHERE name='index_users_on_email' AND type='index'
            UNION ALL
            SELECT sql
            FROM sqlite_temp_master
            WHERE name='index_users_on_email' AND type='index'

  [1m[36mActiveRecord::SchemaMigration Load (0.0ms)[0m  [1mSELECT "schema_migrations".* FROM "schema_migrations"[0m
  [1m[35mUser Load (0.0ms)[0m  SELECT  "users".* FROM "users" WHERE "users"."email" = ? LIMIT 1  [["email", "hezetouni@gmail.com"]]
  [1m[36mActiveRecord::SchemaMigration Load (0.0ms)[0m  [1mSELECT "schema_migrations".* FROM "schema_migrations"[0m
  [1m[35mActiveRecord::SchemaMigration Load (0.0ms)[0m  SELECT "schema_migrations".* FROM "schema_migrations"
  [1m[36m (1.0ms)[0m  [1m            SELECT sql
            FROM sqlite_master
            WHERE name='index_users_on_reset_password_token' AND type='index'
            UNION ALL
            SELECT sql
            FROM sqlite_temp_master
            WHERE name='index_users_on_reset_password_token' AND type='index'
[0m
  [1m[35m (0.0ms)[0m              SELECT sql
            FROM sqlite_master
            WHERE name='index_users_on_email' AND type='index'
            UNION ALL
            SELECT sql
            FROM sqlite_temp_master
            WHERE name='index_users_on_email' AND type='index'

  [1m[36mActiveRecord::SchemaMigration Load (1.0ms)[0m  [1mSELECT "schema_migrations".* FROM "schema_migrations"[0m
  [1m[35mUser Load (1.0ms)[0m  SELECT  "users".* FROM "users" WHERE "users"."email" = ? LIMIT 1  [["email", "hezetouni@gmail.com"]]
  [1m[36mActiveRecord::SchemaMigration Load (0.0ms)[0m  [1mSELECT "schema_migrations".* FROM "schema_migrations"[0m
  [1m[35mUser Load (0.0ms)[0m  SELECT  "users".* FROM "users" WHERE "users"."email" = ? LIMIT 1  [["email", "hezetouni@gmail.com"]]
  [1m[36m (1.0ms)[0m  [1mbegin transaction[0m
  [1m[35mUser Exists (1.0ms)[0m  SELECT  1 AS one FROM "users" WHERE "users"."email" = 'hezetouni@gmail.com' LIMIT 1
  [1m[36mSQL (3.0ms)[0m  [1mINSERT INTO "users" ("email", "encrypted_password", "role", "created_at", "updated_at") VALUES (?, ?, ?, ?, ?)[0m  [["email", "hezetouni@gmail.com"], ["encrypted_password", "$2a$10$riRapcRtcaC0InxA6DOP.u6mzTyKQmcYmKp13Y.Zq5rSIUqBXBrOO"], ["role", 2], ["created_at", "2016-03-07 10:18:06.831166"], ["updated_at", "2016-03-07 10:18:06.831166"]]
  [1m[35m (8.0ms)[0m  commit transaction
  [1m[36m (0.0ms)[0m  [1mbegin transaction[0m
  [1m[35m (0.0ms)[0m  commit transaction


Started GET "/" for 127.0.0.1 at 2016-03-07 12:25:33 +0200
  [1m[36mActiveRecord::SchemaMigration Load (0.0ms)[0m  [1mSELECT "schema_migrations".* FROM "schema_migrations"[0m
Processing by VisitorsController#index as HTML
  [1m[35m (1.0ms)[0m  SELECT COUNT(*) FROM "users"
  Rendered visitors/index.html.erb within layouts/application (66.0ms)
  Rendered layouts/_navigation_links.html.erb (1.0ms)
  Rendered layouts/_nav_links_for_auth.html.erb (7.0ms)
  Rendered layouts/_navigation.html.erb (33.0ms)
  Rendered layouts/_messages.html.erb (1.0ms)
Completed 200 OK in 14557ms (Views: 14490.7ms | ActiveRecord: 1.0ms)


Started GET "/" for 127.0.0.1 at 2016-03-07 12:25:48 +0200
Processing by VisitorsController#index as HTML
  [1m[36m (1.0ms)[0m  [1mSELECT COUNT(*) FROM "users"[0m
  Rendered visitors/index.html.erb within layouts/application (1.0ms)
  Rendered layouts/_navigation_links.html.erb (0.0ms)
  Rendered layouts/_nav_links_for_auth.html.erb (1.0ms)
  Rendered layouts/_navigation.html.erb (23.0ms)
  Rendered layouts/_messages.html.erb (0.0ms)
Completed 200 OK in 354ms (Views: 352.1ms | ActiveRecord: 1.0ms)


Started GET "/users/sign_in" for 127.0.0.1 at 2016-03-07 12:25:56 +0200
Processing by Devise::SessionsController#new as HTML
  Rendered devise/sessions/new.html.erb within layouts/application (1110.1ms)
  Rendered layouts/_navigation_links.html.erb (0.0ms)
  Rendered layouts/_nav_links_for_auth.html.erb (0.0ms)
  Rendered layouts/_navigation.html.erb (22.0ms)
  Rendered layouts/_messages.html.erb (0.0ms)
Completed 200 OK in 1518ms (Views: 1497.2ms | ActiveRecord: 0.0ms)


Started POST "/users/sign_in" for 127.0.0.1 at 2016-03-07 12:26:41 +0200
Processing by Devise::SessionsController#create as HTML
  Parameters: {"utf8"=>"✓", "authenticity_token"=>"vrG7Qy2CV95/XoYNk+BTAWNiZulMJjH/5+iAiDcdnS+i3r1wjVPS1o1kRXPzaIcLpM+7vXi8Z2vvmfMgo9ToeQ==", "user"=>{"email"=>"hezetouni@gmail.com", "password"=>"[FILTERED]", "remember_me"=>"0"}, "commit"=>"Sign in"}
  [1m[35mUser Load (1.0ms)[0m  SELECT  "users".* FROM "users" WHERE "users"."email" = ?  ORDER BY "users"."id" ASC LIMIT 1  [["email", "hezetouni@gmail.com"]]
  [1m[36m (0.0ms)[0m  [1mbegin transaction[0m
  [1m[35mSQL (1.0ms)[0m  UPDATE "users" SET "last_sign_in_at" = ?, "current_sign_in_at" = ?, "last_sign_in_ip" = ?, "current_sign_in_ip" = ?, "sign_in_count" = ?, "updated_at" = ? WHERE "users"."id" = ?  [["last_sign_in_at", "2016-03-07 10:26:41.555633"], ["current_sign_in_at", "2016-03-07 10:26:41.555633"], ["last_sign_in_ip", "127.0.0.1"], ["current_sign_in_ip", "127.0.0.1"], ["sign_in_count", 1], ["updated_at", "2016-03-07 10:26:41.557634"], ["id", 1]]
  [1m[36m (4.0ms)[0m  [1mcommit transaction[0m
Redirected to http://localhost:3000/
Completed 302 Found in 360ms (ActiveRecord: 6.0ms)


Started GET "/" for 127.0.0.1 at 2016-03-07 12:26:41 +0200
Processing by VisitorsController#index as HTML
  [1m[35m (0.0ms)[0m  SELECT COUNT(*) FROM "users"
  Rendered visitors/index.html.erb within layouts/application (2.0ms)
  Rendered layouts/_navigation_links.html.erb (0.0ms)
  [1m[36mUser Load (0.0ms)[0m  [1mSELECT  "users".* FROM "users" WHERE "users"."id" = ?  ORDER BY "users"."id" ASC LIMIT 1[0m  [["id", 1]]
  Rendered layouts/_nav_links_for_auth.html.erb (2.0ms)
  Rendered layouts/_navigation.html.erb (22.0ms)
  Rendered layouts/_messages.html.erb (0.0ms)
Completed 200 OK in 330ms (Views: 329.1ms | ActiveRecord: 0.0ms)


Started GET "/" for 127.0.0.1 at 2016-03-07 12:26:47 +0200
Processing by VisitorsController#index as HTML
  [1m[35m (0.0ms)[0m  SELECT COUNT(*) FROM "users"
  Rendered visitors/index.html.erb within layouts/application (1.0ms)
  Rendered layouts/_navigation_links.html.erb (0.0ms)
  [1m[36mUser Load (0.0ms)[0m  [1mSELECT  "users".* FROM "users" WHERE "users"."id" = ?  ORDER BY "users"."id" ASC LIMIT 1[0m  [["id", 1]]
  Rendered layouts/_nav_links_for_auth.html.erb (2.0ms)
  Rendered layouts/_navigation.html.erb (33.0ms)
  Rendered layouts/_messages.html.erb (1.0ms)
Completed 200 OK in 349ms (Views: 349.2ms | ActiveRecord: 0.0ms)


Started GET "/pages/about" for 127.0.0.1 at 2016-03-07 12:26:49 +0200
Processing by HighVoltage::PagesController#show as HTML
  Parameters: {"id"=>"about"}
  Rendered pages/about.html.erb within layouts/application (1.0ms)
  Rendered layouts/_navigation_links.html.erb (0.0ms)
  [1m[35mUser Load (0.0ms)[0m  SELECT  "users".* FROM "users" WHERE "users"."id" = ?  ORDER BY "users"."id" ASC LIMIT 1  [["id", 1]]
  Rendered layouts/_nav_links_for_auth.html.erb (2.0ms)
  Rendered layouts/_navigation.html.erb (32.0ms)
  Rendered layouts/_messages.html.erb (0.0ms)
Completed 200 OK in 312ms (Views: 311.2ms | ActiveRecord: 0.0ms)


Started GET "/users/edit" for 127.0.0.1 at 2016-03-07 12:26:50 +0200
Processing by Devise::RegistrationsController#edit as HTML
  [1m[36mUser Load (0.0ms)[0m  [1mSELECT  "users".* FROM "users" WHERE "users"."id" = ?  ORDER BY "users"."id" ASC LIMIT 1[0m  [["id", 1]]
  Rendered devise/registrations/edit.html.erb within layouts/application (7.0ms)
  Rendered layouts/_navigation_links.html.erb (0.0ms)
  Rendered layouts/_nav_links_for_auth.html.erb (0.0ms)
  Rendered layouts/_navigation.html.erb (30.0ms)
  Rendered layouts/_messages.html.erb (0.0ms)
Completed 200 OK in 410ms (Views: 406.9ms | ActiveRecord: 0.0ms)


Started GET "/" for 127.0.0.1 at 2016-03-07 12:27:06 +0200
Processing by VisitorsController#index as HTML
  [1m[35m (0.0ms)[0m  SELECT COUNT(*) FROM "users"
  Rendered visitors/index.html.erb within layouts/application (2.0ms)
  Rendered layouts/_navigation_links.html.erb (0.0ms)
  [1m[36mUser Load (0.0ms)[0m  [1mSELECT  "users".* FROM "users" WHERE "users"."id" = ?  ORDER BY "users"."id" ASC LIMIT 1[0m  [["id", 1]]
  Rendered layouts/_nav_links_for_auth.html.erb (3.0ms)
  Rendered layouts/_navigation.html.erb (34.0ms)
  Rendered layouts/_messages.html.erb (0.0ms)
Completed 200 OK in 348ms (Views: 347.7ms | ActiveRecord: 0.0ms)


Started GET "/" for 127.0.0.1 at 2016-03-07 13:12:10 +0200
  [1m[36mActiveRecord::SchemaMigration Load (1.0ms)[0m  [1mSELECT "schema_migrations".* FROM "schema_migrations"[0m
Processing by VisitorsController#index as HTML
  [1m[35m (0.0ms)[0m  SELECT COUNT(*) FROM "users"
  Rendered visitors/index.html.erb within layouts/application (7.0ms)
  Rendered layouts/_navigation_links.html.erb (0.0ms)
  [1m[36mUser Load (0.0ms)[0m  [1mSELECT  "users".* FROM "users" WHERE "users"."id" = ?  ORDER BY "users"."id" ASC LIMIT 1[0m  [["id", 1]]
  Rendered layouts/_nav_links_for_auth.html.erb (35.0ms)
  Rendered layouts/_navigation.html.erb (58.0ms)
  Rendered layouts/_messages.html.erb (0.0ms)
Completed 200 OK in 826ms (Views: 806.3ms | ActiveRecord: 1.0ms)


Started GET "/pages/about" for 127.0.0.1 at 2016-03-07 13:12:14 +0200
Processing by HighVoltage::PagesController#show as HTML
  Parameters: {"id"=>"about"}
  Rendered pages/about.html.erb within layouts/application (1.0ms)
  Rendered layouts/_navigation_links.html.erb (1.0ms)
  [1m[35mUser Load (0.0ms)[0m  SELECT  "users".* FROM "users" WHERE "users"."id" = ?  ORDER BY "users"."id" ASC LIMIT 1  [["id", 1]]
  Rendered layouts/_nav_links_for_auth.html.erb (2.0ms)
  Rendered layouts/_navigation.html.erb (35.0ms)
  Rendered layouts/_messages.html.erb (0.0ms)
Completed 200 OK in 343ms (Views: 342.2ms | ActiveRecord: 0.0ms)


Started GET "/users/edit" for 127.0.0.1 at 2016-03-07 13:19:20 +0200
Processing by Devise::RegistrationsController#edit as HTML
  [1m[36mUser Load (1.0ms)[0m  [1mSELECT  "users".* FROM "users" WHERE "users"."id" = ?  ORDER BY "users"."id" ASC LIMIT 1[0m  [["id", 1]]
  Rendered devise/registrations/edit.html.erb within layouts/application (406.0ms)
  Rendered layouts/_navigation_links.html.erb (0.0ms)
  Rendered layouts/_nav_links_for_auth.html.erb (0.0ms)
  Rendered layouts/_navigation.html.erb (31.0ms)
  Rendered layouts/_messages.html.erb (0.0ms)
Completed 200 OK in 788ms (Views: 783.0ms | ActiveRecord: 1.0ms)


Started GET "/pages/about" for 127.0.0.1 at 2016-03-07 13:19:30 +0200
Processing by HighVoltage::PagesController#show as HTML
  Parameters: {"id"=>"about"}
  Rendered pages/about.html.erb within layouts/application (0.0ms)
  Rendered layouts/_navigation_links.html.erb (0.0ms)
  [1m[35mUser Load (0.0ms)[0m  SELECT  "users".* FROM "users" WHERE "users"."id" = ?  ORDER BY "users"."id" ASC LIMIT 1  [["id", 1]]
  Rendered layouts/_nav_links_for_auth.html.erb (2.0ms)
  Rendered layouts/_navigation.html.erb (32.0ms)
  Rendered layouts/_messages.html.erb (0.0ms)
Completed 200 OK in 334ms (Views: 332.9ms | ActiveRecord: 0.0ms)


Started GET "/" for 127.0.0.1 at 2016-03-07 13:19:31 +0200
Processing by VisitorsController#index as HTML
  [1m[36m (0.0ms)[0m  [1mSELECT COUNT(*) FROM "users"[0m
  Rendered visitors/index.html.erb within layouts/application (3.0ms)
  Rendered layouts/_navigation_links.html.erb (0.0ms)
  [1m[35mUser Load (1.0ms)[0m  SELECT  "users".* FROM "users" WHERE "users"."id" = ?  ORDER BY "users"."id" ASC LIMIT 1  [["id", 1]]
  Rendered layouts/_nav_links_for_auth.html.erb (2.0ms)
  Rendered layouts/_navigation.html.erb (31.0ms)
  Rendered layouts/_messages.html.erb (0.0ms)
Completed 200 OK in 365ms (Views: 364.4ms | ActiveRecord: 1.0ms)


Started GET "/users" for 127.0.0.1 at 2016-03-07 13:19:32 +0200
Processing by UsersController#index as HTML
  [1m[36mUser Load (0.0ms)[0m  [1mSELECT  "users".* FROM "users" WHERE "users"."id" = ?  ORDER BY "users"."id" ASC LIMIT 1[0m  [["id", 1]]
  [1m[35mUser Load (0.0ms)[0m  SELECT "users".* FROM "users"
  Rendered users/_user.html.erb (39.0ms)
  Rendered users/index.html.erb within layouts/application (56.0ms)
  Rendered layouts/_navigation_links.html.erb (1.0ms)
  Rendered layouts/_nav_links_for_auth.html.erb (1.0ms)
  Rendered layouts/_navigation.html.erb (30.0ms)
  Rendered layouts/_messages.html.erb (0.0ms)
Completed 200 OK in 426ms (Views: 420.6ms | ActiveRecord: 0.0ms)


Started PATCH "/users/1" for 127.0.0.1 at 2016-03-07 13:19:38 +0200
Processing by UsersController#update as HTML
  Parameters: {"utf8"=>"✓", "authenticity_token"=>"qCX49tSoZbGPmkG1ueKBs8CILycQl3sWPMFgZl3oaYYc0IrIDZcXQwSA5zbIEE3YosEdVsHVrwoVOenFGT7f2Q==", "user"=>{"role"=>"admin"}, "commit"=>"Change Role", "id"=>"1"}
  [1m[36mUser Load (1.0ms)[0m  [1mSELECT  "users".* FROM "users" WHERE "users"."id" = ?  ORDER BY "users"."id" ASC LIMIT 1[0m  [["id", 1]]
  [1m[35mUser Load (0.0ms)[0m  SELECT  "users".* FROM "users" WHERE "users"."id" = ? LIMIT 1  [["id", 1]]
  [1m[36m (0.0ms)[0m  [1mbegin transaction[0m
  [1m[35m (0.0ms)[0m  commit transaction
Redirected to http://localhost:3000/users
Completed 302 Found in 46ms (ActiveRecord: 1.0ms)


Started GET "/users" for 127.0.0.1 at 2016-03-07 13:19:38 +0200
Processing by UsersController#index as HTML
  [1m[36mUser Load (0.0ms)[0m  [1mSELECT  "users".* FROM "users" WHERE "users"."id" = ?  ORDER BY "users"."id" ASC LIMIT 1[0m  [["id", 1]]
  [1m[35mUser Load (0.0ms)[0m  SELECT "users".* FROM "users"
  Rendered users/_user.html.erb (2.0ms)
  Rendered users/index.html.erb within layouts/application (15.0ms)
  Rendered layouts/_navigation_links.html.erb (0.0ms)
  Rendered layouts/_nav_links_for_auth.html.erb (0.0ms)
  Rendered layouts/_navigation.html.erb (22.0ms)
  Rendered layouts/_messages.html.erb (0.0ms)
Completed 200 OK in 352ms (Views: 349.9ms | ActiveRecord: 0.0ms)


Started DELETE "/users/sign_out" for 127.0.0.1 at 2016-03-07 13:19:45 +0200
Processing by Devise::SessionsController#destroy as HTML
  Parameters: {"authenticity_token"=>"NEO9OgzfdV0LoHvGvE4E18dJC3o1QDFa3y6ncSQwfL6Ats8E1eAHr4C63UXNvMi8pQA5C+QC5Ub21i7SYObK4Q=="}
  [1m[36mUser Load (0.0ms)[0m  [1mSELECT  "users".* FROM "users" WHERE "users"."id" = ?  ORDER BY "users"."id" ASC LIMIT 1[0m  [["id", 1]]
  [1m[35m (0.0ms)[0m  begin transaction
  [1m[36m (0.0ms)[0m  [1mcommit transaction[0m
Redirected to http://localhost:3000/
Completed 302 Found in 44ms (ActiveRecord: 0.0ms)


Started GET "/" for 127.0.0.1 at 2016-03-07 13:19:45 +0200
Processing by VisitorsController#index as HTML
  [1m[35m (0.0ms)[0m  SELECT COUNT(*) FROM "users"
  Rendered visitors/index.html.erb within layouts/application (1.0ms)
  Rendered layouts/_navigation_links.html.erb (1.0ms)
  Rendered layouts/_nav_links_for_auth.html.erb (4.0ms)
  Rendered layouts/_navigation.html.erb (26.0ms)
  Rendered layouts/_messages.html.erb (0.0ms)
Completed 200 OK in 359ms (Views: 358.0ms | ActiveRecord: 0.0ms)


Started GET "/" for 127.0.0.1 at 2016-03-07 13:21:42 +0200
Processing by VisitorsController#index as HTML
  [1m[36m (0.0ms)[0m  [1mSELECT COUNT(*) FROM "users"[0m
  Rendered visitors/index.html.erb within layouts/application (2.0ms)
  Rendered layouts/_navigation_links.html.erb (1.0ms)
  Rendered layouts/_nav_links_for_auth.html.erb (0.0ms)
  Rendered layouts/_navigation.html.erb (30.0ms)
  Rendered layouts/_messages.html.erb (0.0ms)
Completed 200 OK in 355ms (Views: 354.7ms | ActiveRecord: 0.0ms)


Started GET "/pages/about" for 127.0.0.1 at 2016-03-07 13:21:46 +0200
Processing by HighVoltage::PagesController#show as HTML
  Parameters: {"id"=>"about"}
  Rendered pages/about.html.erb within layouts/application (0.0ms)
  Rendered layouts/_navigation_links.html.erb (0.0ms)
  Rendered layouts/_nav_links_for_auth.html.erb (1.0ms)
  Rendered layouts/_navigation.html.erb (30.0ms)
  Rendered layouts/_messages.html.erb (0.0ms)
Completed 200 OK in 392ms (Views: 391.7ms | ActiveRecord: 0.0ms)


Started GET "/users/sign_in" for 127.0.0.1 at 2016-03-07 13:21:55 +0200
Processing by Devise::SessionsController#new as HTML
  Rendered devise/sessions/new.html.erb within layouts/application (15.0ms)
  Rendered layouts/_navigation_links.html.erb (0.0ms)
  Rendered layouts/_nav_links_for_auth.html.erb (0.0ms)
  Rendered layouts/_navigation.html.erb (21.0ms)
  Rendered layouts/_messages.html.erb (0.0ms)
Completed 200 OK in 390ms (Views: 388.3ms | ActiveRecord: 0.0ms)


Started GET "/users/sign_up" for 127.0.0.1 at 2016-03-07 13:21:56 +0200
Processing by Devise::RegistrationsController#new as HTML
  Rendered devise/registrations/new.html.erb within layouts/application (4.0ms)
  Rendered layouts/_navigation_links.html.erb (0.0ms)
  Rendered layouts/_nav_links_for_auth.html.erb (0.0ms)
  Rendered layouts/_navigation.html.erb (21.0ms)
  Rendered layouts/_messages.html.erb (0.0ms)
Completed 200 OK in 359ms (Views: 357.0ms | ActiveRecord: 0.0ms)
  [1m[36m (208.0ms)[0m  [1mCREATE TABLE `schema_migrations` (`version` varchar(255) NOT NULL) ENGINE=InnoDB[0m
  [1m[35m (176.0ms)[0m  CREATE UNIQUE INDEX `unique_schema_migrations`  ON `schema_migrations` (`version`) 
  [1m[36mActiveRecord::SchemaMigration Load (93.0ms)[0m  [1mSELECT `schema_migrations`.* FROM `schema_migrations`[0m
Migrating to DeviseCreateUsers (20140228010614)
DEPRECATION WARNING: `#timestamps` was called without specifying an option for `null`. In Rails 5, this behavior will change to `null: false`. You should manually specify `null: true` to prevent the behavior of your existing migrations from changing. (called from block in change at c:/Sites/valr/db/migrate/20140228010614_devise_create_users.rb:34)
  [1m[35m (18.0ms)[0m  CREATE TABLE `users` (`id` int(11) auto_increment PRIMARY KEY, `email` varchar(255) DEFAULT '' NOT NULL, `encrypted_password` varchar(255) DEFAULT '' NOT NULL, `reset_password_token` varchar(255), `reset_password_sent_at` datetime, `remember_created_at` datetime, `sign_in_count` int(11) DEFAULT 0 NOT NULL, `current_sign_in_at` datetime, `last_sign_in_at` datetime, `current_sign_in_ip` varchar(255), `last_sign_in_ip` varchar(255), `created_at` datetime, `updated_at` datetime) ENGINE=InnoDB
  [1m[36m (89.0ms)[0m  [1mCREATE UNIQUE INDEX `index_users_on_email`  ON `users` (`email`) [0m
  [1m[35m (47.0ms)[0m  CREATE UNIQUE INDEX `index_users_on_reset_password_token`  ON `users` (`reset_password_token`) 
  [1m[36m (0.0ms)[0m  [1mBEGIN[0m
  [1m[35mSQL (21.0ms)[0m  INSERT INTO `schema_migrations` (`version`) VALUES ('20140228010614')
  [1m[36m (2.0ms)[0m  [1mCOMMIT[0m
Migrating to AddNameToUsers (20140228010616)
  [1m[35m (32.0ms)[0m  ALTER TABLE `users` ADD `name` varchar(255)
  [1m[36m (1.0ms)[0m  [1mBEGIN[0m
  [1m[35mSQL (1.0ms)[0m  INSERT INTO `schema_migrations` (`version`) VALUES ('20140228010616')
  [1m[36m (2.0ms)[0m  [1mCOMMIT[0m
Migrating to AddRoleToUsers (20140228010617)
  [1m[35m (64.0ms)[0m  ALTER TABLE `users` ADD `role` int(11)
  [1m[36m (1.0ms)[0m  [1mBEGIN[0m
  [1m[35mSQL (0.0ms)[0m  INSERT INTO `schema_migrations` (`version`) VALUES ('20140228010617')
  [1m[36m (2.0ms)[0m  [1mCOMMIT[0m
  [1m[35mActiveRecord::SchemaMigration Load (0.0ms)[0m  SELECT `schema_migrations`.* FROM `schema_migrations`
  [1m[36m (94.0ms)[0m  [1mSELECT fk.referenced_table_name as 'to_table'
      ,fk.referenced_column_name as 'primary_key'
      ,fk.column_name as 'column'
      ,fk.constraint_name as 'name'
FROM information_schema.key_column_usage fk
WHERE fk.referenced_column_name is not null
  AND fk.table_schema = 'valrDB'
  AND fk.table_name = 'users'
[0m
  [1m[35m (0.0ms)[0m  SHOW CREATE TABLE `users`
  [1m[36mActiveRecord::SchemaMigration Load (0.0ms)[0m  [1mSELECT `schema_migrations`.* FROM `schema_migrations`[0m
  [1m[35mUser Load (3.0ms)[0m  SELECT  `users`.* FROM `users` WHERE `users`.`email` = 'hezetouni@gmail.com' LIMIT 1
  [1m[36m (1.0ms)[0m  [1mBEGIN[0m
  [1m[35mUser Exists (52.0ms)[0m  SELECT  1 AS one FROM `users` WHERE `users`.`email` = BINARY 'hezetouni@gmail.com' LIMIT 1
  [1m[36mSQL (0.0ms)[0m  [1mINSERT INTO `users` (`email`, `encrypted_password`, `role`, `created_at`, `updated_at`) VALUES ('hezetouni@gmail.com', '$2a$10$Ja2ytuG7qZyUoSxgVgrkhe.qQ1deEIogUtCLBE.Milb78ysEd0LPi', 2, '2016-03-07 12:30:38', '2016-03-07 12:30:38')[0m
  [1m[35m (3.0ms)[0m  COMMIT
  [1m[36m (1.0ms)[0m  [1mBEGIN[0m
  [1m[35m (1.0ms)[0m  COMMIT
  [1m[36m (52.0ms)[0m  [1mCREATE TABLE `schema_migrations` (`version` varchar(255) NOT NULL) ENGINE=InnoDB[0m
  [1m[35m (56.0ms)[0m  CREATE UNIQUE INDEX `unique_schema_migrations`  ON `schema_migrations` (`version`) 
  [1m[36mActiveRecord::SchemaMigration Load (1.0ms)[0m  [1mSELECT `schema_migrations`.* FROM `schema_migrations`[0m
Migrating to DeviseCreateUsers (20140228010614)
DEPRECATION WARNING: `#timestamps` was called without specifying an option for `null`. In Rails 5, this behavior will change to `null: false`. You should manually specify `null: true` to prevent the behavior of your existing migrations from changing. (called from block in change at C:/Sites/valr/db/migrate/20140228010614_devise_create_users.rb:34)
  [1m[35m (5.0ms)[0m  CREATE TABLE `users` (`id` int(11) auto_increment PRIMARY KEY, `email` varchar(255) DEFAULT '' NOT NULL, `encrypted_password` varchar(255) DEFAULT '' NOT NULL, `reset_password_token` varchar(255), `reset_password_sent_at` datetime, `remember_created_at` datetime, `sign_in_count` int(11) DEFAULT 0 NOT NULL, `current_sign_in_at` datetime, `last_sign_in_at` datetime, `current_sign_in_ip` varchar(255), `last_sign_in_ip` varchar(255), `created_at` datetime, `updated_at` datetime) ENGINE=InnoDB
  [1m[36m (15.0ms)[0m  [1mCREATE UNIQUE INDEX `index_users_on_email`  ON `users` (`email`) [0m
  [1m[35m (39.0ms)[0m  CREATE UNIQUE INDEX `index_users_on_reset_password_token`  ON `users` (`reset_password_token`) 
  [1m[36m (1.0ms)[0m  [1mBEGIN[0m
  [1m[35mSQL (1.0ms)[0m  INSERT INTO `schema_migrations` (`version`) VALUES ('20140228010614')
  [1m[36m (1.0ms)[0m  [1mCOMMIT[0m
Migrating to AddNameToUsers (20140228010616)
  [1m[35m (44.0ms)[0m  ALTER TABLE `users` ADD `name` varchar(255)
  [1m[36m (1.0ms)[0m  [1mBEGIN[0m
  [1m[35mSQL (1.0ms)[0m  INSERT INTO `schema_migrations` (`version`) VALUES ('20140228010616')
  [1m[36m (1.0ms)[0m  [1mCOMMIT[0m
Migrating to AddRoleToUsers (20140228010617)
  [1m[35m (15.0ms)[0m  ALTER TABLE `users` ADD `role` int(11)
  [1m[36m (0.0ms)[0m  [1mBEGIN[0m
  [1m[35mSQL (0.0ms)[0m  INSERT INTO `schema_migrations` (`version`) VALUES ('20140228010617')
  [1m[36m (1.0ms)[0m  [1mCOMMIT[0m
  [1m[35mActiveRecord::SchemaMigration Load (0.0ms)[0m  SELECT `schema_migrations`.* FROM `schema_migrations`
  [1m[36m (1.0ms)[0m  [1mSELECT fk.referenced_table_name as 'to_table'
      ,fk.referenced_column_name as 'primary_key'
      ,fk.column_name as 'column'
      ,fk.constraint_name as 'name'
FROM information_schema.key_column_usage fk
WHERE fk.referenced_column_name is not null
  AND fk.table_schema = 'devValrDB'
  AND fk.table_name = 'users'
[0m
  [1m[35m (1.0ms)[0m  SHOW CREATE TABLE `users`
  [1m[36mActiveRecord::SchemaMigration Load (0.0ms)[0m  [1mSELECT `schema_migrations`.* FROM `schema_migrations`[0m
  [1m[35mUser Load (1.0ms)[0m  SELECT  `users`.* FROM `users` WHERE `users`.`email` = 'hezetouni@gmail.com' LIMIT 1
  [1m[36m (0.0ms)[0m  [1mBEGIN[0m
  [1m[35mUser Exists (0.0ms)[0m  SELECT  1 AS one FROM `users` WHERE `users`.`email` = BINARY 'hezetouni@gmail.com' LIMIT 1
  [1m[36mSQL (0.0ms)[0m  [1mINSERT INTO `users` (`email`, `encrypted_password`, `role`, `created_at`, `updated_at`) VALUES ('hezetouni@gmail.com', '$2a$10$s/biPTk7ot7Oi.CMYnSghu40MRc4Amo4VlHeNUsub5Iokh9pEjDge', 2, '2016-03-14 11:01:48', '2016-03-14 11:01:48')[0m
  [1m[35m (3.0ms)[0m  COMMIT
  [1m[36m (0.0ms)[0m  [1mBEGIN[0m
  [1m[35m (0.0ms)[0m  COMMIT


Started GET "/" for 127.0.0.1 at 2016-03-14 13:05:35 +0200
  [1m[36mActiveRecord::SchemaMigration Load (0.0ms)[0m  [1mSELECT `schema_migrations`.* FROM `schema_migrations`[0m
Processing by VisitorsController#index as HTML
  [1m[35m (1.0ms)[0m  SELECT COUNT(*) FROM `users`
  Rendered visitors/index.html.erb within layouts/application (39.0ms)
  Rendered layouts/_navigation_links.html.erb (1.0ms)
  Rendered layouts/_nav_links_for_auth.html.erb (6.0ms)
  Rendered layouts/_navigation.html.erb (30.0ms)
  Rendered layouts/_messages.html.erb (0.0ms)
Completed 200 OK in 1183ms (Views: 1143.6ms | ActiveRecord: 4.0ms)


Started GET "/" for 127.0.0.1 at 2016-03-14 13:08:35 +0200
Processing by VisitorsController#index as HTML
  [1m[36m (0.0ms)[0m  [1mSELECT COUNT(*) FROM `users`[0m
  Rendered visitors/index.html.erb within layouts/application (2.0ms)
  Rendered layouts/_navigation_links.html.erb (1.0ms)
  Rendered layouts/_nav_links_for_auth.html.erb (1.0ms)
  Rendered layouts/_navigation.html.erb (32.0ms)
  Rendered layouts/_messages.html.erb (1.0ms)
Completed 200 OK in 353ms (Views: 352.4ms | ActiveRecord: 0.0ms)


Started GET "/" for 127.0.0.1 at 2016-03-14 13:08:36 +0200
Processing by VisitorsController#index as HTML
  [1m[35m (0.0ms)[0m  SELECT COUNT(*) FROM `users`
  Rendered visitors/index.html.erb within layouts/application (1.0ms)
  Rendered layouts/_navigation_links.html.erb (0.0ms)
  Rendered layouts/_nav_links_for_auth.html.erb (0.0ms)
  Rendered layouts/_navigation.html.erb (32.0ms)
  Rendered layouts/_messages.html.erb (0.0ms)
Completed 200 OK in 345ms (Views: 344.0ms | ActiveRecord: 0.0ms)


Started GET "/users/sign_in" for 127.0.0.1 at 2016-03-14 13:08:40 +0200
Processing by Devise::SessionsController#new as HTML
  Rendered devise/sessions/new.html.erb within layouts/application (895.5ms)
  Rendered layouts/_navigation_links.html.erb (0.0ms)
  Rendered layouts/_nav_links_for_auth.html.erb (0.0ms)
  Rendered layouts/_navigation.html.erb (21.0ms)
  Rendered layouts/_messages.html.erb (0.0ms)
Completed 200 OK in 1349ms (Views: 1314.3ms | ActiveRecord: 1.0ms)


Started GET "/users/sign_up" for 127.0.0.1 at 2016-03-14 13:14:23 +0200
Processing by Devise::RegistrationsController#new as HTML
  Rendered devise/registrations/new.html.erb within layouts/application (5.0ms)
  Rendered layouts/_navigation_links.html.erb (0.0ms)
  Rendered layouts/_nav_links_for_auth.html.erb (0.0ms)
  Rendered layouts/_navigation.html.erb (21.0ms)
  Rendered layouts/_messages.html.erb (0.0ms)
Completed 200 OK in 366ms (Views: 364.6ms | ActiveRecord: 0.0ms)


Started GET "/users/sign_in" for 127.0.0.1 at 2016-03-14 13:14:45 +0200
Processing by Devise::SessionsController#new as HTML
  Rendered devise/sessions/new.html.erb within layouts/application (5.0ms)
  Rendered layouts/_navigation_links.html.erb (0.0ms)
  Rendered layouts/_nav_links_for_auth.html.erb (0.0ms)
  Rendered layouts/_navigation.html.erb (22.0ms)
  Rendered layouts/_messages.html.erb (0.0ms)
Completed 200 OK in 352ms (Views: 350.0ms | ActiveRecord: 0.0ms)


Started POST "/users/sign_in" for 127.0.0.1 at 2016-03-14 13:15:25 +0200
Processing by Devise::SessionsController#create as HTML
  Parameters: {"utf8"=>"✓", "authenticity_token"=>"l00nMJ62pUSqMzzDZPhBtnkWl7l1Lh5uOqiPyvh8zT1mJJVcsF/atYi0Bfv/beHkghJMjfc0LSWmXToGcOMPDA==", "user"=>{"email"=>"hezetouni@gmail.com", "password"=>"[FILTERED]", "remember_me"=>"0"}, "commit"=>"Sign in"}
  [1m[36mUser Load (0.0ms)[0m  [1mSELECT  `users`.* FROM `users` WHERE `users`.`email` = 'hezetouni@gmail.com'  ORDER BY `users`.`id` ASC LIMIT 1[0m
  [1m[35m (0.0ms)[0m  BEGIN
  [1m[36mSQL (0.0ms)[0m  [1mUPDATE `users` SET `last_sign_in_at` = '2016-03-14 11:15:25', `current_sign_in_at` = '2016-03-14 11:15:25', `last_sign_in_ip` = '127.0.0.1', `current_sign_in_ip` = '127.0.0.1', `sign_in_count` = 1, `updated_at` = '2016-03-14 11:15:25' WHERE `users`.`id` = 1[0m
  [1m[35m (1.0ms)[0m  COMMIT
Redirected to http://localhost:3000/
Completed 302 Found in 330ms (ActiveRecord: 1.0ms)


Started GET "/" for 127.0.0.1 at 2016-03-14 13:15:25 +0200
Processing by VisitorsController#index as HTML
  [1m[36m (1.0ms)[0m  [1mSELECT COUNT(*) FROM `users`[0m
  Rendered visitors/index.html.erb within layouts/application (2.0ms)
  Rendered layouts/_navigation_links.html.erb (0.0ms)
  [1m[35mUser Load (0.0ms)[0m  SELECT  `users`.* FROM `users` WHERE `users`.`id` = 1  ORDER BY `users`.`id` ASC LIMIT 1
  Rendered layouts/_nav_links_for_auth.html.erb (2.0ms)
  Rendered layouts/_navigation.html.erb (23.0ms)
  Rendered layouts/_messages.html.erb (0.0ms)
Completed 200 OK in 355ms (Views: 353.0ms | ActiveRecord: 1.0ms)


Started GET "/users/edit" for 127.0.0.1 at 2016-03-14 13:15:30 +0200
Processing by Devise::RegistrationsController#edit as HTML
  [1m[36mUser Load (0.0ms)[0m  [1mSELECT  `users`.* FROM `users` WHERE `users`.`id` = 1  ORDER BY `users`.`id` ASC LIMIT 1[0m
  Rendered devise/registrations/edit.html.erb within layouts/application (6.0ms)
  Rendered layouts/_navigation_links.html.erb (1.0ms)
  Rendered layouts/_nav_links_for_auth.html.erb (0.0ms)
  Rendered layouts/_navigation.html.erb (30.0ms)
  Rendered layouts/_messages.html.erb (0.0ms)
Completed 200 OK in 377ms (Views: 372.5ms | ActiveRecord: 0.0ms)


Started GET "/users" for 127.0.0.1 at 2016-03-14 13:15:36 +0200
Processing by UsersController#index as HTML
  [1m[35mUser Load (0.0ms)[0m  SELECT  `users`.* FROM `users` WHERE `users`.`id` = 1  ORDER BY `users`.`id` ASC LIMIT 1
  [1m[36mUser Load (0.0ms)[0m  [1mSELECT `users`.* FROM `users`[0m
  Rendered users/_user.html.erb (30.0ms)
  Rendered users/index.html.erb within layouts/application (48.0ms)
  Rendered layouts/_navigation_links.html.erb (1.0ms)
  Rendered layouts/_nav_links_for_auth.html.erb (0.0ms)
  Rendered layouts/_navigation.html.erb (30.0ms)
  Rendered layouts/_messages.html.erb (0.0ms)
Completed 200 OK in 386ms (Views: 382.5ms | ActiveRecord: 0.0ms)


Started GET "/users" for 127.0.0.1 at 2016-03-14 13:15:36 +0200
Processing by UsersController#index as HTML
  [1m[35mUser Load (1.0ms)[0m  SELECT  `users`.* FROM `users` WHERE `users`.`id` = 1  ORDER BY `users`.`id` ASC LIMIT 1
  [1m[36mUser Load (0.0ms)[0m  [1mSELECT `users`.* FROM `users`[0m
  Rendered users/_user.html.erb (1.0ms)
  Rendered users/index.html.erb within layouts/application (18.0ms)
  Rendered layouts/_navigation_links.html.erb (0.0ms)
  Rendered layouts/_nav_links_for_auth.html.erb (1.0ms)
  Rendered layouts/_navigation.html.erb (31.0ms)
  Rendered layouts/_messages.html.erb (0.0ms)
Completed 200 OK in 367ms (Views: 364.0ms | ActiveRecord: 1.0ms)


Started GET "/users/edit" for 127.0.0.1 at 2016-03-14 13:18:51 +0200
Processing by Devise::RegistrationsController#edit as HTML
  [1m[35mUser Load (0.0ms)[0m  SELECT  `users`.* FROM `users` WHERE `users`.`id` = 1  ORDER BY `users`.`id` ASC LIMIT 1
  Rendered devise/registrations/edit.html.erb within layouts/application (5.0ms)
  Rendered layouts/_navigation_links.html.erb (0.0ms)
  Rendered layouts/_nav_links_for_auth.html.erb (0.0ms)
  Rendered layouts/_navigation.html.erb (30.0ms)
  Rendered layouts/_messages.html.erb (0.0ms)
Completed 200 OK in 372ms (Views: 368.3ms | ActiveRecord: 0.0ms)


Started GET "/pages/about" for 127.0.0.1 at 2016-03-14 13:19:10 +0200
Processing by HighVoltage::PagesController#show as HTML
  Parameters: {"id"=>"about"}
  Rendered pages/about.html.erb within layouts/application (1.0ms)
  Rendered layouts/_navigation_links.html.erb (0.0ms)
  [1m[36mUser Load (0.0ms)[0m  [1mSELECT  `users`.* FROM `users` WHERE `users`.`id` = 1  ORDER BY `users`.`id` ASC LIMIT 1[0m
  Rendered layouts/_nav_links_for_auth.html.erb (2.0ms)
  Rendered layouts/_navigation.html.erb (31.0ms)
  Rendered layouts/_messages.html.erb (0.0ms)
Completed 200 OK in 313ms (Views: 312.3ms | ActiveRecord: 0.0ms)


Started GET "/users/edit" for 127.0.0.1 at 2016-03-14 13:19:12 +0200
Processing by Devise::RegistrationsController#edit as HTML
  [1m[35mUser Load (1.0ms)[0m  SELECT  `users`.* FROM `users` WHERE `users`.`id` = 1  ORDER BY `users`.`id` ASC LIMIT 1
  Rendered devise/registrations/edit.html.erb within layouts/application (5.0ms)
  Rendered layouts/_navigation_links.html.erb (1.0ms)
  Rendered layouts/_nav_links_for_auth.html.erb (0.0ms)
  Rendered layouts/_navigation.html.erb (30.0ms)
  Rendered layouts/_messages.html.erb (0.0ms)
Completed 200 OK in 377ms (Views: 372.2ms | ActiveRecord: 1.0ms)


Started DELETE "/users/sign_out" for 127.0.0.1 at 2016-03-14 13:25:08 +0200
Processing by Devise::SessionsController#destroy as HTML
  Parameters: {"authenticity_token"=>"A3Z8mG+uuBUC1BFPgNwEifE/5GS4ZjwYCwrX1d7yWlecV+ckTSwF5IWksnbpA2Wr78eOZyMf3djKs9QGcsry/g=="}
  [1m[36mUser Load (0.0ms)[0m  [1mSELECT  `users`.* FROM `users` WHERE `users`.`id` = 1  ORDER BY `users`.`id` ASC LIMIT 1[0m
  [1m[35m (0.0ms)[0m  BEGIN
  [1m[36m (0.0ms)[0m  [1mCOMMIT[0m
Redirected to http://localhost:3000/
Completed 302 Found in 39ms (ActiveRecord: 0.0ms)


Started GET "/" for 127.0.0.1 at 2016-03-14 13:25:08 +0200
Processing by VisitorsController#index as HTML
  [1m[35m (1.0ms)[0m  SELECT COUNT(*) FROM `users`
  Rendered visitors/index.html.erb within layouts/application (1.0ms)
  Rendered layouts/_navigation_links.html.erb (0.0ms)
  Rendered layouts/_nav_links_for_auth.html.erb (0.0ms)
  Rendered layouts/_navigation.html.erb (21.9ms)
  Rendered layouts/_messages.html.erb (0.0ms)
Completed 200 OK in 334ms (Views: 333.6ms | ActiveRecord: 1.0ms)


Started GET "/" for 127.0.0.1 at 2016-03-14 13:31:39 +0200
  [1m[36mActiveRecord::SchemaMigration Load (0.0ms)[0m  [1mSELECT `schema_migrations`.* FROM `schema_migrations`[0m
Processing by VisitorsController#index as HTML
  [1m[35m (1.0ms)[0m  SELECT COUNT(*) FROM `users`
  Rendered visitors/index.html.erb within layouts/application (9.0ms)
  Rendered layouts/_navigation_links.html.erb (0.0ms)
  Rendered layouts/_nav_links_for_auth.html.erb (5.0ms)
  Rendered layouts/_navigation.html.erb (33.0ms)
  Rendered layouts/_messages.html.erb (1.0ms)
Completed 200 OK in 671ms (Views: 650.9ms | ActiveRecord: 4.0ms)


Started GET "/" for 127.0.0.1 at 2016-03-14 13:31:53 +0200
Processing by VisitorsController#index as HTML
  [1m[36m (1.0ms)[0m  [1mSELECT COUNT(*) FROM `users`[0m
  Rendered visitors/index.html.erb within layouts/application (2.0ms)
  Rendered layouts/_navigation_links.html.erb (0.0ms)
  Rendered layouts/_nav_links_for_auth.html.erb (1.0ms)
  Rendered layouts/_navigation.html.erb (32.0ms)
  Rendered layouts/_messages.html.erb (0.0ms)
Completed 200 OK in 355ms (Views: 352.7ms | ActiveRecord: 1.0ms)


Started GET "/" for 127.0.0.1 at 2016-03-14 13:39:07 +0200
  [1m[36mActiveRecord::SchemaMigration Load (1.0ms)[0m  [1mSELECT `schema_migrations`.* FROM `schema_migrations`[0m
Processing by VisitorsController#index as HTML
  [1m[35m (0.0ms)[0m  SELECT COUNT(*) FROM `users`
  Rendered visitors/index.html.erb within layouts/application (20.0ms)
  Rendered layouts/_navigation_links.html.erb (0.0ms)
  Rendered layouts/_nav_links_for_auth.html.erb (5.0ms)
  Rendered layouts/_navigation.html.erb (29.0ms)
  Rendered layouts/_messages.html.erb (1.0ms)
Completed 200 OK in 695ms (Views: 665.9ms | ActiveRecord: 12.0ms)


Started GET "/" for 127.0.0.1 at 2016-03-14 13:39:08 +0200
Processing by VisitorsController#index as HTML
  [1m[36m (0.0ms)[0m  [1mSELECT COUNT(*) FROM `users`[0m
  Rendered visitors/index.html.erb within layouts/application (1.0ms)
  Rendered layouts/_navigation_links.html.erb (0.0ms)
  Rendered layouts/_nav_links_for_auth.html.erb (1.0ms)
  Rendered layouts/_navigation.html.erb (22.0ms)
  Rendered layouts/_messages.html.erb (0.0ms)
Completed 200 OK in 345ms (Views: 344.3ms | ActiveRecord: 0.0ms)


Started GET "/users/sign_in" for 127.0.0.1 at 2016-03-14 13:39:12 +0200
Processing by Devise::SessionsController#new as HTML
  Rendered devise/sessions/new.html.erb within layouts/application (438.1ms)
  Rendered layouts/_navigation_links.html.erb (0.0ms)
  Rendered layouts/_nav_links_for_auth.html.erb (0.0ms)
  Rendered layouts/_navigation.html.erb (21.0ms)
  Rendered layouts/_messages.html.erb (0.0ms)
Completed 200 OK in 812ms (Views: 797.0ms | ActiveRecord: 1.0ms)


Started POST "/users/sign_in" for 127.0.0.1 at 2016-03-14 13:39:34 +0200
Processing by Devise::SessionsController#create as HTML
  Parameters: {"utf8"=>"✓", "authenticity_token"=>"idHP/ZcBsasByWPOZKnaTP6j0s/ExkkMNdggGKGtbL1H6IjC7Rv5F4LnBw/GyEkOEwfaGmdLL1lJwsML7qICAg==", "user"=>{"email"=>"hezetouni@gmail.com", "password"=>"[FILTERED]", "remember_me"=>"0"}, "commit"=>"Sign in"}
  [1m[35mUser Load (1.0ms)[0m  SELECT  `users`.* FROM `users` WHERE `users`.`email` = 'hezetouni@gmail.com'  ORDER BY `users`.`id` ASC LIMIT 1
  [1m[36m (1.0ms)[0m  [1mBEGIN[0m
  [1m[35mSQL (0.0ms)[0m  UPDATE `users` SET `current_sign_in_at` = '2016-03-14 11:39:34', `sign_in_count` = 2, `updated_at` = '2016-03-14 11:39:34' WHERE `users`.`id` = 1
  [1m[36m (2.0ms)[0m  [1mCOMMIT[0m
Redirected to http://localhost:3000/
Completed 302 Found in 242ms (ActiveRecord: 4.0ms)


Started GET "/" for 127.0.0.1 at 2016-03-14 13:39:34 +0200
Processing by VisitorsController#index as HTML
  [1m[35m (0.0ms)[0m  SELECT COUNT(*) FROM `users`
  Rendered visitors/index.html.erb within layouts/application (2.0ms)
  Rendered layouts/_navigation_links.html.erb (1.0ms)
  [1m[36mUser Load (0.0ms)[0m  [1mSELECT  `users`.* FROM `users` WHERE `users`.`id` = 1  ORDER BY `users`.`id` ASC LIMIT 1[0m
  Rendered layouts/_nav_links_for_auth.html.erb (3.0ms)
  Rendered layouts/_navigation.html.erb (26.0ms)
  Rendered layouts/_messages.html.erb (0.0ms)
Completed 200 OK in 328ms (Views: 326.5ms | ActiveRecord: 0.0ms)


Started GET "/users/sign_in" for 127.0.0.1 at 2016-03-14 13:39:41 +0200
Processing by Devise::SessionsController#new as HTML
  [1m[35mUser Load (0.0ms)[0m  SELECT  `users`.* FROM `users` WHERE `users`.`id` = 1  ORDER BY `users`.`id` ASC LIMIT 1
Redirected to http://localhost:3000/
Filter chain halted as :require_no_authentication rendered or redirected
Completed 302 Found in 2ms (ActiveRecord: 0.0ms)


Started GET "/" for 127.0.0.1 at 2016-03-14 13:39:41 +0200
Processing by VisitorsController#index as HTML
  [1m[36m (0.0ms)[0m  [1mSELECT COUNT(*) FROM `users`[0m
  Rendered visitors/index.html.erb within layouts/application (2.0ms)
  Rendered layouts/_navigation_links.html.erb (1.0ms)
  [1m[35mUser Load (0.0ms)[0m  SELECT  `users`.* FROM `users` WHERE `users`.`id` = 1  ORDER BY `users`.`id` ASC LIMIT 1
  Rendered layouts/_nav_links_for_auth.html.erb (3.0ms)
  Rendered layouts/_navigation.html.erb (33.0ms)
  Rendered layouts/_messages.html.erb (0.0ms)
Completed 200 OK in 354ms (Views: 353.3ms | ActiveRecord: 0.0ms)


Started GET "/pages/about" for 127.0.0.1 at 2016-03-14 13:39:49 +0200
Processing by HighVoltage::PagesController#show as HTML
  Parameters: {"id"=>"about"}
  Rendered pages/about.html.erb within layouts/application (0.0ms)
  Rendered layouts/_navigation_links.html.erb (1.0ms)
  [1m[36mUser Load (1.0ms)[0m  [1mSELECT  `users`.* FROM `users` WHERE `users`.`id` = 1  ORDER BY `users`.`id` ASC LIMIT 1[0m
  Rendered layouts/_nav_links_for_auth.html.erb (2.0ms)
  Rendered layouts/_navigation.html.erb (32.0ms)
  Rendered layouts/_messages.html.erb (0.0ms)
Completed 200 OK in 307ms (Views: 304.4ms | ActiveRecord: 1.0ms)


Started GET "/users/sign_in" for 127.0.0.1 at 2016-03-14 13:39:50 +0200
Processing by Devise::SessionsController#new as HTML
  [1m[35mUser Load (1.0ms)[0m  SELECT  `users`.* FROM `users` WHERE `users`.`id` = 1  ORDER BY `users`.`id` ASC LIMIT 1
Redirected to http://localhost:3000/
Filter chain halted as :require_no_authentication rendered or redirected
Completed 302 Found in 4ms (ActiveRecord: 1.0ms)


Started GET "/" for 127.0.0.1 at 2016-03-14 13:39:50 +0200
Processing by VisitorsController#index as HTML
  [1m[36m (0.0ms)[0m  [1mSELECT COUNT(*) FROM `users`[0m
  Rendered visitors/index.html.erb within layouts/application (3.0ms)
  Rendered layouts/_navigation_links.html.erb (0.0ms)
  [1m[35mUser Load (0.0ms)[0m  SELECT  `users`.* FROM `users` WHERE `users`.`id` = 1  ORDER BY `users`.`id` ASC LIMIT 1
  Rendered layouts/_nav_links_for_auth.html.erb (2.0ms)
  Rendered layouts/_navigation.html.erb (32.0ms)
  Rendered layouts/_messages.html.erb (0.0ms)
Completed 200 OK in 333ms (Views: 332.7ms | ActiveRecord: 0.0ms)


Started GET "/pages/about" for 127.0.0.1 at 2016-03-14 13:39:53 +0200
Processing by HighVoltage::PagesController#show as HTML
  Parameters: {"id"=>"about"}
  Rendered pages/about.html.erb within layouts/application (0.0ms)
  Rendered layouts/_navigation_links.html.erb (0.0ms)
  [1m[36mUser Load (1.0ms)[0m  [1mSELECT  `users`.* FROM `users` WHERE `users`.`id` = 1  ORDER BY `users`.`id` ASC LIMIT 1[0m
  Rendered layouts/_nav_links_for_auth.html.erb (2.0ms)
  Rendered layouts/_navigation.html.erb (32.0ms)
  Rendered layouts/_messages.html.erb (0.0ms)
Completed 200 OK in 313ms (Views: 310.6ms | ActiveRecord: 1.0ms)


Started GET "/users/edit" for 127.0.0.1 at 2016-03-14 13:39:55 +0200
Processing by Devise::RegistrationsController#edit as HTML
  [1m[35mUser Load (0.0ms)[0m  SELECT  `users`.* FROM `users` WHERE `users`.`id` = 1  ORDER BY `users`.`id` ASC LIMIT 1
  Rendered devise/registrations/edit.html.erb within layouts/application (7.0ms)
  Rendered layouts/_navigation_links.html.erb (0.0ms)
  Rendered layouts/_nav_links_for_auth.html.erb (0.0ms)
  Rendered layouts/_navigation.html.erb (30.0ms)
  Rendered layouts/_messages.html.erb (0.0ms)
Completed 200 OK in 376ms (Views: 373.7ms | ActiveRecord: 0.0ms)


Started GET "/" for 127.0.0.1 at 2016-03-14 13:47:10 +0200
  [1m[36mActiveRecord::SchemaMigration Load (1.0ms)[0m  [1mSELECT `schema_migrations`.* FROM `schema_migrations`[0m
Processing by VisitorsController#index as HTML
  [1m[35m (1.0ms)[0m  SELECT COUNT(*) FROM `users`
  Rendered visitors/index.html.erb within layouts/application (21.0ms)
  Rendered layouts/_navigation_links.html.erb (1.0ms)
  [1m[36mUser Load (1.0ms)[0m  [1mSELECT  `users`.* FROM `users` WHERE `users`.`id` = 1  ORDER BY `users`.`id` ASC LIMIT 1[0m
  Rendered layouts/_nav_links_for_auth.html.erb (36.0ms)
  Rendered layouts/_navigation.html.erb (60.0ms)
  Rendered layouts/_messages.html.erb (0.0ms)
Completed 200 OK in 713ms (Views: 691.1ms | ActiveRecord: 4.0ms)


Started GET "/users/sign_in" for 127.0.0.1 at 2016-03-14 13:47:17 +0200
Processing by Devise::SessionsController#new as HTML
  [1m[35mUser Load (1.0ms)[0m  SELECT  `users`.* FROM `users` WHERE `users`.`id` = 1  ORDER BY `users`.`id` ASC LIMIT 1
Redirected to http://localhost:3000/
Filter chain halted as :require_no_authentication rendered or redirected
Completed 302 Found in 380ms (ActiveRecord: 1.0ms)


Started GET "/" for 127.0.0.1 at 2016-03-14 13:47:17 +0200
Processing by VisitorsController#index as HTML
  [1m[36m (0.0ms)[0m  [1mSELECT COUNT(*) FROM `users`[0m
  Rendered visitors/index.html.erb within layouts/application (2.0ms)
  Rendered layouts/_navigation_links.html.erb (1.0ms)
  [1m[35mUser Load (1.0ms)[0m  SELECT  `users`.* FROM `users` WHERE `users`.`id` = 1  ORDER BY `users`.`id` ASC LIMIT 1
  Rendered layouts/_nav_links_for_auth.html.erb (3.0ms)
  Rendered layouts/_navigation.html.erb (34.0ms)
  Rendered layouts/_messages.html.erb (0.0ms)
Completed 200 OK in 339ms (Views: 337.5ms | ActiveRecord: 1.0ms)


Started GET "/users/edit" for 127.0.0.1 at 2016-03-14 13:47:19 +0200
Processing by Devise::RegistrationsController#edit as HTML
  [1m[36mUser Load (0.0ms)[0m  [1mSELECT  `users`.* FROM `users` WHERE `users`.`id` = 1  ORDER BY `users`.`id` ASC LIMIT 1[0m
  Rendered devise/registrations/edit.html.erb within layouts/application (40.0ms)
  Rendered layouts/_navigation_links.html.erb (0.0ms)
  Rendered layouts/_nav_links_for_auth.html.erb (0.0ms)
  Rendered layouts/_navigation.html.erb (30.0ms)
  Rendered layouts/_messages.html.erb (0.0ms)
Completed 200 OK in 417ms (Views: 413.3ms | ActiveRecord: 0.0ms)


Started GET "/pages/about" for 127.0.0.1 at 2016-03-14 13:47:22 +0200
Processing by HighVoltage::PagesController#show as HTML
  Parameters: {"id"=>"about"}
  Rendered pages/about.html.erb within layouts/application (1.0ms)
  Rendered layouts/_navigation_links.html.erb (1.0ms)
  [1m[35mUser Load (0.0ms)[0m  SELECT  `users`.* FROM `users` WHERE `users`.`id` = 1  ORDER BY `users`.`id` ASC LIMIT 1
  Rendered layouts/_nav_links_for_auth.html.erb (2.0ms)
  Rendered layouts/_navigation.html.erb (32.0ms)
  Rendered layouts/_messages.html.erb (0.0ms)
Completed 200 OK in 323ms (Views: 322.4ms | ActiveRecord: 0.0ms)


Started DELETE "/users/sign_out" for 127.0.0.1 at 2016-03-14 13:47:24 +0200
Processing by Devise::SessionsController#destroy as HTML
  Parameters: {"authenticity_token"=>"EbovamP4FIligZTkfN9+sqQqOBQeLmJ95ZzRlnrCXDJVslD225+txeLAUuctA4MCg70pizU4H50IxGufjm16ag=="}
  [1m[36mUser Load (1.0ms)[0m  [1mSELECT  `users`.* FROM `users` WHERE `users`.`id` = 1  ORDER BY `users`.`id` ASC LIMIT 1[0m
  [1m[35m (0.0ms)[0m  BEGIN
  [1m[36m (0.0ms)[0m  [1mCOMMIT[0m
Redirected to http://localhost:3000/
Completed 302 Found in 10ms (ActiveRecord: 1.0ms)


Started GET "/" for 127.0.0.1 at 2016-03-14 13:47:24 +0200
Processing by VisitorsController#index as HTML
  [1m[35m (0.0ms)[0m  SELECT COUNT(*) FROM `users`
  Rendered visitors/index.html.erb within layouts/application (2.0ms)
  Rendered layouts/_navigation_links.html.erb (0.0ms)
  Rendered layouts/_nav_links_for_auth.html.erb (4.0ms)
  Rendered layouts/_navigation.html.erb (27.0ms)
  Rendered layouts/_messages.html.erb (0.0ms)
Completed 200 OK in 333ms (Views: 331.9ms | ActiveRecord: 0.0ms)


Started GET "/users/sign_in" for 127.0.0.1 at 2016-03-14 13:47:26 +0200
Processing by Devise::SessionsController#new as HTML
  Rendered devise/sessions/new.html.erb within layouts/application (14.0ms)
  Rendered layouts/_navigation_links.html.erb (1.0ms)
  Rendered layouts/_nav_links_for_auth.html.erb (0.0ms)
  Rendered layouts/_navigation.html.erb (22.0ms)
  Rendered layouts/_messages.html.erb (0.0ms)
Completed 200 OK in 390ms (Views: 387.9ms | ActiveRecord: 0.0ms)


Started POST "/users/sign_in" for 127.0.0.1 at 2016-03-14 13:47:59 +0200
Processing by Devise::SessionsController#create as HTML
  Parameters: {"utf8"=>"✓", "authenticity_token"=>"KhT2sk9X55QEJPMyk0rEUQnT2A9ekJN34O2C9M6fNTWe5ltowNRUbr5PVzA6TdW0mr2KGr+XnHw4FKE7D83Zeg==", "user"=>{"email"=>"hezetouni@gmail.com", "password"=>"[FILTERED]", "remember_me"=>"0"}, "commit"=>"Sign in"}
  [1m[36mUser Load (1.0ms)[0m  [1mSELECT  `users`.* FROM `users` WHERE `users`.`email` = 'hezetouni@gmail.com'  ORDER BY `users`.`id` ASC LIMIT 1[0m
  [1m[35m (0.0ms)[0m  BEGIN
  [1m[36mSQL (1.0ms)[0m  [1mUPDATE `users` SET `last_sign_in_at` = '2016-03-14 11:39:34', `current_sign_in_at` = '2016-03-14 11:47:59', `sign_in_count` = 3, `updated_at` = '2016-03-14 11:47:59' WHERE `users`.`id` = 1[0m
  [1m[35m (5.0ms)[0m  COMMIT
Redirected to http://localhost:3000/
Completed 302 Found in 237ms (ActiveRecord: 7.0ms)


Started GET "/" for 127.0.0.1 at 2016-03-14 13:47:59 +0200
Processing by VisitorsController#index as HTML
  [1m[36m (0.0ms)[0m  [1mSELECT COUNT(*) FROM `users`[0m
  Rendered visitors/index.html.erb within layouts/application (1.0ms)
  Rendered layouts/_navigation_links.html.erb (0.0ms)
  [1m[35mUser Load (1.0ms)[0m  SELECT  `users`.* FROM `users` WHERE `users`.`id` = 1  ORDER BY `users`.`id` ASC LIMIT 1
  Rendered layouts/_nav_links_for_auth.html.erb (2.0ms)
  Rendered layouts/_navigation.html.erb (24.0ms)
  Rendered layouts/_messages.html.erb (0.0ms)
Completed 200 OK in 333ms (Views: 332.2ms | ActiveRecord: 1.0ms)


Started GET "/users/edit" for 127.0.0.1 at 2016-03-14 13:48:02 +0200
Processing by Devise::RegistrationsController#edit as HTML
  [1m[36mUser Load (1.0ms)[0m  [1mSELECT  `users`.* FROM `users` WHERE `users`.`id` = 1  ORDER BY `users`.`id` ASC LIMIT 1[0m
  Rendered devise/registrations/edit.html.erb within layouts/application (5.0ms)
  Rendered layouts/_navigation_links.html.erb (0.0ms)
  Rendered layouts/_nav_links_for_auth.html.erb (0.0ms)
  Rendered layouts/_navigation.html.erb (30.0ms)
  Rendered layouts/_messages.html.erb (0.0ms)
Completed 200 OK in 373ms (Views: 369.6ms | ActiveRecord: 1.0ms)


Started GET "/" for 127.0.0.1 at 2016-03-14 13:52:00 +0200
  [1m[36mActiveRecord::SchemaMigration Load (1.0ms)[0m  [1mSELECT `schema_migrations`.* FROM `schema_migrations`[0m
Processing by VisitorsController#index as HTML
  [1m[35m (0.0ms)[0m  SELECT COUNT(*) FROM `users`
  Rendered visitors/index.html.erb within layouts/application (17.0ms)
  [1m[36mUser Load (0.0ms)[0m  [1mSELECT  `users`.* FROM `users` WHERE `users`.`id` = 1  ORDER BY `users`.`id` ASC LIMIT 1[0m
  Rendered layouts/_nav_links_for_auth.html.erb (27.0ms)
  Rendered layouts/_navigation_links.html.erb (0.0ms)
  Rendered layouts/_navigation.html.erb (50.0ms)
  Rendered layouts/_messages.html.erb (1.0ms)
Completed 200 OK in 667ms (Views: 646.7ms | ActiveRecord: 3.0ms)


Started GET "/users/edit" for 127.0.0.1 at 2016-03-14 13:52:06 +0200
Processing by Devise::RegistrationsController#edit as HTML
  [1m[35mUser Load (0.0ms)[0m  SELECT  `users`.* FROM `users` WHERE `users`.`id` = 1  ORDER BY `users`.`id` ASC LIMIT 1
  Rendered devise/registrations/edit.html.erb within layouts/application (416.2ms)
  Rendered layouts/_nav_links_for_auth.html.erb (1.0ms)
  Rendered layouts/_navigation_links.html.erb (0.0ms)
  Rendered layouts/_navigation.html.erb (32.0ms)
  Rendered layouts/_messages.html.erb (1.0ms)
Completed 200 OK in 785ms (Views: 781.0ms | ActiveRecord: 0.0ms)


Started GET "/users/sign_in" for 127.0.0.1 at 2016-03-14 13:52:23 +0200
Processing by Devise::SessionsController#new as HTML
  [1m[36mUser Load (0.0ms)[0m  [1mSELECT  `users`.* FROM `users` WHERE `users`.`id` = 1  ORDER BY `users`.`id` ASC LIMIT 1[0m
Redirected to http://localhost:3000/
Filter chain halted as :require_no_authentication rendered or redirected
Completed 302 Found in 4ms (ActiveRecord: 0.0ms)


Started GET "/" for 127.0.0.1 at 2016-03-14 13:52:23 +0200
Processing by VisitorsController#index as HTML
  [1m[35m (0.0ms)[0m  SELECT COUNT(*) FROM `users`
  Rendered visitors/index.html.erb within layouts/application (2.0ms)
  [1m[36mUser Load (1.0ms)[0m  [1mSELECT  `users`.* FROM `users` WHERE `users`.`id` = 1  ORDER BY `users`.`id` ASC LIMIT 1[0m
  Rendered layouts/_nav_links_for_auth.html.erb (1.0ms)
  Rendered layouts/_navigation_links.html.erb (1.0ms)
  Rendered layouts/_navigation.html.erb (32.0ms)
  Rendered layouts/_messages.html.erb (0.0ms)
Completed 200 OK in 322ms (Views: 320.5ms | ActiveRecord: 1.0ms)


Started GET "/users" for 127.0.0.1 at 2016-03-14 13:56:09 +0200
Processing by UsersController#index as HTML
  [1m[35mUser Load (0.0ms)[0m  SELECT  `users`.* FROM `users` WHERE `users`.`id` = 1  ORDER BY `users`.`id` ASC LIMIT 1
  [1m[36mUser Load (1.0ms)[0m  [1mSELECT `users`.* FROM `users`[0m
  Rendered users/_user.html.erb (5.0ms)
  Rendered users/index.html.erb within layouts/application (21.0ms)
  Rendered layouts/_nav_links_for_auth.html.erb (0.0ms)
  Rendered layouts/_navigation_links.html.erb (0.0ms)
  Rendered layouts/_navigation.html.erb (30.0ms)
  Rendered layouts/_messages.html.erb (0.0ms)
Completed 200 OK in 375ms (Views: 368.7ms | ActiveRecord: 1.0ms)


Started GET "/users/sign_in" for 127.0.0.1 at 2016-03-14 14:00:49 +0200
Processing by Devise::SessionsController#new as HTML
  [1m[35mUser Load (0.0ms)[0m  SELECT  `users`.* FROM `users` WHERE `users`.`id` = 1  ORDER BY `users`.`id` ASC LIMIT 1
Redirected to http://localhost:3000/
Filter chain halted as :require_no_authentication rendered or redirected
Completed 302 Found in 3ms (ActiveRecord: 0.0ms)


Started GET "/" for 127.0.0.1 at 2016-03-14 14:00:49 +0200
Processing by VisitorsController#index as HTML
  [1m[36m (0.0ms)[0m  [1mSELECT COUNT(*) FROM `users`[0m
  Rendered visitors/index.html.erb within layouts/application (1.0ms)
  [1m[35mUser Load (1.0ms)[0m  SELECT  `users`.* FROM `users` WHERE `users`.`id` = 1  ORDER BY `users`.`id` ASC LIMIT 1
  Rendered layouts/_nav_links_for_auth.html.erb (2.0ms)
  Rendered layouts/_navigation_links.html.erb (1.0ms)
  Rendered layouts/_navigation.html.erb (32.0ms)
  Rendered layouts/_messages.html.erb (0.0ms)
Completed 200 OK in 354ms (Views: 353.0ms | ActiveRecord: 1.0ms)


Started GET "/users" for 127.0.0.1 at 2016-03-14 14:03:46 +0200
Processing by UsersController#index as HTML
  [1m[36mUser Load (0.0ms)[0m  [1mSELECT  `users`.* FROM `users` WHERE `users`.`id` = 1  ORDER BY `users`.`id` ASC LIMIT 1[0m
  [1m[35mUser Load (1.0ms)[0m  SELECT `users`.* FROM `users`
  Rendered users/_user.html.erb (1.0ms)
  Rendered users/index.html.erb within layouts/application (14.0ms)
  Rendered layouts/_nav_links_for_auth.html.erb (0.0ms)
  Rendered layouts/_navigation_links.html.erb (0.0ms)
  Rendered layouts/_navigation.html.erb (22.0ms)
  Rendered layouts/_messages.html.erb (0.0ms)
Completed 200 OK in 344ms (Views: 340.6ms | ActiveRecord: 1.0ms)


Started GET "/users/sign_in" for 127.0.0.1 at 2016-03-14 14:03:50 +0200
Processing by Devise::SessionsController#new as HTML
  [1m[36mUser Load (1.0ms)[0m  [1mSELECT  `users`.* FROM `users` WHERE `users`.`id` = 1  ORDER BY `users`.`id` ASC LIMIT 1[0m
Redirected to http://localhost:3000/
Filter chain halted as :require_no_authentication rendered or redirected
Completed 302 Found in 3ms (ActiveRecord: 1.0ms)


Started GET "/" for 127.0.0.1 at 2016-03-14 14:03:50 +0200
Processing by VisitorsController#index as HTML
  [1m[35m (1.0ms)[0m  SELECT COUNT(*) FROM `users`
  Rendered visitors/index.html.erb within layouts/application (1.0ms)
  [1m[36mUser Load (1.0ms)[0m  [1mSELECT  `users`.* FROM `users` WHERE `users`.`id` = 1  ORDER BY `users`.`id` ASC LIMIT 1[0m
  Rendered layouts/_nav_links_for_auth.html.erb (2.0ms)
  Rendered layouts/_navigation_links.html.erb (1.0ms)
  Rendered layouts/_navigation.html.erb (32.0ms)
  Rendered layouts/_messages.html.erb (1.0ms)
Completed 200 OK in 345ms (Views: 342.3ms | ActiveRecord: 2.0ms)


Started GET "/" for 127.0.0.1 at 2016-03-14 14:06:59 +0200
Processing by VisitorsController#index as HTML
  Rendered visitors/index.html.erb within layouts/application (0.0ms)
  [1m[35mUser Load (0.0ms)[0m  SELECT  `users`.* FROM `users` WHERE `users`.`id` = 1  ORDER BY `users`.`id` ASC LIMIT 1
  Rendered layouts/_nav_links_for_auth.html.erb (2.0ms)
  Rendered layouts/_navigation_links.html.erb (0.0ms)
  Rendered layouts/_navigation.html.erb (25.0ms)
  Rendered layouts/_messages.html.erb (0.0ms)
Completed 200 OK in 352ms (Views: 352.1ms | ActiveRecord: 0.0ms)


Started GET "/users" for 127.0.0.1 at 2016-03-14 14:07:02 +0200
Processing by UsersController#index as HTML
  [1m[36mUser Load (0.0ms)[0m  [1mSELECT  `users`.* FROM `users` WHERE `users`.`id` = 1  ORDER BY `users`.`id` ASC LIMIT 1[0m
  [1m[35mUser Load (0.0ms)[0m  SELECT `users`.* FROM `users`
  Rendered users/_user.html.erb (1.0ms)
  Rendered users/index.html.erb within layouts/application (17.0ms)
  Rendered layouts/_nav_links_for_auth.html.erb (0.0ms)
  Rendered layouts/_navigation_links.html.erb (0.0ms)
  Rendered layouts/_navigation.html.erb (30.0ms)
  Rendered layouts/_messages.html.erb (0.0ms)
Completed 200 OK in 356ms (Views: 351.6ms | ActiveRecord: 0.0ms)


Started GET "/users/sign_in" for 127.0.0.1 at 2016-03-14 14:07:09 +0200
Processing by Devise::SessionsController#new as HTML
  [1m[36mUser Load (0.0ms)[0m  [1mSELECT  `users`.* FROM `users` WHERE `users`.`id` = 1  ORDER BY `users`.`id` ASC LIMIT 1[0m
Redirected to http://localhost:3000/
Filter chain halted as :require_no_authentication rendered or redirected
Completed 302 Found in 6ms (ActiveRecord: 0.0ms)


Started GET "/" for 127.0.0.1 at 2016-03-14 14:07:09 +0200
Processing by VisitorsController#index as HTML
  Rendered visitors/index.html.erb within layouts/application (1.0ms)
  [1m[35mUser Load (0.0ms)[0m  SELECT  `users`.* FROM `users` WHERE `users`.`id` = 1  ORDER BY `users`.`id` ASC LIMIT 1
  Rendered layouts/_nav_links_for_auth.html.erb (2.0ms)
  Rendered layouts/_navigation_links.html.erb (1.0ms)
  Rendered layouts/_navigation.html.erb (33.0ms)
  Rendered layouts/_messages.html.erb (0.0ms)
Completed 200 OK in 336ms (Views: 335.8ms | ActiveRecord: 0.0ms)


Started GET "/" for 127.0.0.1 at 2016-03-14 14:07:35 +0200
Processing by VisitorsController#index as HTML
  Rendered visitors/index.html.erb within layouts/application (1.0ms)
  [1m[36mUser Load (0.0ms)[0m  [1mSELECT  `users`.* FROM `users` WHERE `users`.`id` = 1  ORDER BY `users`.`id` ASC LIMIT 1[0m
  Rendered layouts/_nav_links_for_auth.html.erb (2.0ms)
  Rendered layouts/_navigation_links.html.erb (1.0ms)
  Rendered layouts/_navigation.html.erb (23.0ms)
  Rendered layouts/_messages.html.erb (0.0ms)
Completed 200 OK in 324ms (Views: 322.7ms | ActiveRecord: 0.0ms)


Started GET "/users" for 127.0.0.1 at 2016-03-14 14:07:38 +0200
Processing by UsersController#index as HTML
  [1m[35mUser Load (0.0ms)[0m  SELECT  `users`.* FROM `users` WHERE `users`.`id` = 1  ORDER BY `users`.`id` ASC LIMIT 1
  [1m[36mUser Load (0.0ms)[0m  [1mSELECT `users`.* FROM `users`[0m
  Rendered users/_user.html.erb (1.0ms)
  Rendered users/index.html.erb within layouts/application (17.0ms)
  Rendered layouts/_nav_links_for_auth.html.erb (1.0ms)
  Rendered layouts/_navigation_links.html.erb (0.0ms)
  Rendered layouts/_navigation.html.erb (30.0ms)
  Rendered layouts/_messages.html.erb (0.0ms)
Completed 200 OK in 360ms (Views: 357.7ms | ActiveRecord: 0.0ms)


Started GET "/users/sign_in" for 127.0.0.1 at 2016-03-14 14:07:40 +0200
Processing by Devise::SessionsController#new as HTML
  [1m[35mUser Load (0.0ms)[0m  SELECT  `users`.* FROM `users` WHERE `users`.`id` = 1  ORDER BY `users`.`id` ASC LIMIT 1
Redirected to http://localhost:3000/
Filter chain halted as :require_no_authentication rendered or redirected
Completed 302 Found in 5ms (ActiveRecord: 0.0ms)


Started GET "/" for 127.0.0.1 at 2016-03-14 14:07:40 +0200
Processing by VisitorsController#index as HTML
  Rendered visitors/index.html.erb within layouts/application (0.0ms)
  [1m[36mUser Load (0.0ms)[0m  [1mSELECT  `users`.* FROM `users` WHERE `users`.`id` = 1  ORDER BY `users`.`id` ASC LIMIT 1[0m
  Rendered layouts/_nav_links_for_auth.html.erb (3.0ms)
  Rendered layouts/_navigation_links.html.erb (0.0ms)
  Rendered layouts/_navigation.html.erb (33.0ms)
  Rendered layouts/_messages.html.erb (0.0ms)
Completed 200 OK in 342ms (Views: 341.5ms | ActiveRecord: 0.0ms)


Started GET "/pages/about" for 127.0.0.1 at 2016-03-14 14:11:55 +0200
Processing by HighVoltage::PagesController#show as HTML
  Parameters: {"id"=>"about"}
  Rendered pages/about.html.erb within layouts/application (0.0ms)
  [1m[35mUser Load (0.0ms)[0m  SELECT  `users`.* FROM `users` WHERE `users`.`id` = 1  ORDER BY `users`.`id` ASC LIMIT 1
  Rendered layouts/_nav_links_for_auth.html.erb (2.0ms)
  Rendered layouts/_navigation_links.html.erb (0.0ms)
  Rendered layouts/_navigation.html.erb (32.0ms)
  Rendered layouts/_messages.html.erb (0.0ms)
Completed 200 OK in 328ms (Views: 327.5ms | ActiveRecord: 0.0ms)


Started GET "/users" for 127.0.0.1 at 2016-03-14 14:11:58 +0200
Processing by UsersController#index as HTML
  [1m[36mUser Load (1.0ms)[0m  [1mSELECT  `users`.* FROM `users` WHERE `users`.`id` = 1  ORDER BY `users`.`id` ASC LIMIT 1[0m
  [1m[35mUser Load (0.0ms)[0m  SELECT `users`.* FROM `users`
  Rendered users/_user.html.erb (1.0ms)
  Rendered users/index.html.erb within layouts/application (17.0ms)
  Rendered layouts/_nav_links_for_auth.html.erb (0.0ms)
  Rendered layouts/_navigation_links.html.erb (0.0ms)
  Rendered layouts/_navigation.html.erb (29.0ms)
  Rendered layouts/_messages.html.erb (0.0ms)
Completed 200 OK in 350ms (Views: 346.2ms | ActiveRecord: 1.0ms)


Started DELETE "/users/sign_out" for 127.0.0.1 at 2016-03-14 14:12:00 +0200
Processing by Devise::SessionsController#destroy as HTML
  Parameters: {"authenticity_token"=>"5pB+omv+MAR1SdDy46vmSKbrBLTQKh6b3mpvlRkWtJ0yqrznHz2JLnddisqnP3BRc4WJRr066LXNTVTRPMSeDg=="}
  [1m[36mUser Load (1.0ms)[0m  [1mSELECT  `users`.* FROM `users` WHERE `users`.`id` = 1  ORDER BY `users`.`id` ASC LIMIT 1[0m
  [1m[35m (0.0ms)[0m  BEGIN
  [1m[36m (1.0ms)[0m  [1mCOMMIT[0m
Redirected to http://localhost:3000/
Completed 302 Found in 12ms (ActiveRecord: 2.0ms)


Started GET "/" for 127.0.0.1 at 2016-03-14 14:12:00 +0200
Processing by VisitorsController#index as HTML
  Rendered visitors/index.html.erb within layouts/application (1.0ms)
  Rendered layouts/_nav_links_for_auth.html.erb (5.0ms)
  Rendered layouts/_navigation_links.html.erb (0.0ms)
  Rendered layouts/_navigation.html.erb (26.0ms)
  Rendered layouts/_messages.html.erb (0.0ms)
Completed 200 OK in 332ms (Views: 331.4ms | ActiveRecord: 0.0ms)


Started GET "/users/sign_in" for 127.0.0.1 at 2016-03-14 14:12:06 +0200
Processing by Devise::SessionsController#new as HTML
  Rendered devise/sessions/new.html.erb within layouts/application (14.0ms)
  Rendered layouts/_nav_links_for_auth.html.erb (0.0ms)
  Rendered layouts/_navigation_links.html.erb (0.0ms)
  Rendered layouts/_navigation.html.erb (20.0ms)
  Rendered layouts/_messages.html.erb (1.0ms)
Completed 200 OK in 358ms (Views: 356.5ms | ActiveRecord: 0.0ms)
